# JRE version: OpenJDK Runtime Environment Temurin-21.0.8+9 (21.0.8+9) (build 21.0.8+9-LTS)
# Java VM: OpenJDK 64-Bit Server VM Temurin-21.0.8+9 (21.0.8+9-LTS, mixed mode, sharing, tiered, compressed oops, compressed class ptrs, parallel gc, windows-amd64)
GC Precious Log:
 CardTable entry size: 512
 CPUs: 16 total, 16 available
 Memory: 8010M
 Large Page Support: Disabled
 NUMA Support: Disabled
 Compressed Oops: Enabled (32-bit)
 Alignments: Space 512K, Generation 512K, Heap 2M
 Heap Min Capacity: 100M
 Heap Initial Capacity: 100M
 Heap Max Capacity: 2G
 Pre-touch: Disabled
 Parallel Workers: 13
Heap:
 PSYoungGen      total 12288K, used 11423K [0x00000000d5580000, 0x00000000d6600000, 0x0000000100000000)
  eden space 11264K, 92% used [0x00000000d5580000,0x00000000d5fabf20,0x00000000d6080000)
  from space 1024K, 98% used [0x00000000d6500000,0x00000000d65fc010,0x00000000d6600000)
  to   space 2048K, 0% used [0x00000000d6200000,0x00000000d6200000,0x00000000d6400000)
 ParOldGen       total 158720K, used 158681K [0x0000000080000000, 0x0000000089b00000, 0x00000000d5580000)
  object space 158720K, 99% used [0x0000000080000000,0x0000000089af6688,0x0000000089b00000)
 Metaspace       used 77836K, committed 79552K, reserved 1179648K
  class space    used 8137K, committed 8896K, reserved 1048576K
GC Heap History (20 events):
Event: 56.324 GC heap before
{Heap before GC invocations=76 (full 3):
 PSYoungGen      total 11776K, used 11680K [0x00000000d5580000, 0x00000000d6680000, 0x0000000100000000)
  eden space 11264K, 100% used [0x00000000d5580000,0x00000000d6080000,0x00000000d6080000)
  from space 512K, 81% used [0x00000000d6600000,0x00000000d6668000,0x00000000d6680000)
  to   space 1024K, 0% used [0x00000000d6480000,0x00000000d6480000,0x00000000d6580000)
 ParOldGen       total 153600K, used 153136K [0x0000000080000000, 0x0000000089600000, 0x00000000d5580000)
  object space 153600K, 99% used [0x0000000080000000,0x000000008958c048,0x0000000089600000)
 Metaspace       used 76536K, committed 78208K, reserved 1179648K
  class space    used 8041K, committed 8768K, reserved 1048576K
}
Event: 56.325 GC heap after
{Heap after GC invocations=76 (full 3):
 PSYoungGen      total 12288K, used 416K [0x00000000d5580000, 0x00000000d6680000, 0x0000000100000000)
  eden space 11264K, 0% used [0x00000000d5580000,0x00000000d5580000,0x00000000d6080000)
  from space 1024K, 40% used [0x00000000d6480000,0x00000000d64e8000,0x00000000d6580000)
  to   space 512K, 0% used [0x00000000d6600000,0x00000000d6600000,0x00000000d6680000)
 ParOldGen       total 153600K, used 153224K [0x0000000080000000, 0x0000000089600000, 0x00000000d5580000)
  object space 153600K, 99% used [0x0000000080000000,0x00000000895a2048,0x0000000089600000)
 Metaspace       used 76536K, committed 78208K, reserved 1179648K
  class space    used 8041K, committed 8768K, reserved 1048576K
}
Event: 57.733 GC heap before
{Heap before GC invocations=77 (full 3):
 PSYoungGen      total 12288K, used 11680K [0x00000000d5580000, 0x00000000d6680000, 0x0000000100000000)
  eden space 11264K, 100% used [0x00000000d5580000,0x00000000d6080000,0x00000000d6080000)
  from space 1024K, 40% used [0x00000000d6480000,0x00000000d64e8000,0x00000000d6580000)
  to   space 512K, 0% used [0x00000000d6600000,0x00000000d6600000,0x00000000d6680000)
 ParOldGen       total 153600K, used 153224K [0x0000000080000000, 0x0000000089600000, 0x00000000d5580000)
  object space 153600K, 99% used [0x0000000080000000,0x00000000895a2048,0x0000000089600000)
 Metaspace       used 76731K, committed 78464K, reserved 1179648K
  class space    used 8043K, committed 8768K, reserved 1048576K
}
Event: 57.734 GC heap after
{Heap after GC invocations=77 (full 3):
 PSYoungGen      total 11776K, used 432K [0x00000000d5580000, 0x00000000d6680000, 0x0000000100000000)
  eden space 11264K, 0% used [0x00000000d5580000,0x00000000d5580000,0x00000000d6080000)
  from space 512K, 84% used [0x00000000d6600000,0x00000000d666c010,0x00000000d6680000)
  to   space 512K, 0% used [0x00000000d6580000,0x00000000d6580000,0x00000000d6600000)
 ParOldGen       total 153600K, used 153356K [0x0000000080000000, 0x0000000089600000, 0x00000000d5580000)
  object space 153600K, 99% used [0x0000000080000000,0x00000000895c33a0,0x0000000089600000)
 Metaspace       used 76731K, committed 78464K, reserved 1179648K
  class space    used 8043K, committed 8768K, reserved 1048576K
}
Event: 59.400 GC heap before
{Heap before GC invocations=78 (full 3):
 PSYoungGen      total 11776K, used 11696K [0x00000000d5580000, 0x00000000d6680000, 0x0000000100000000)
  eden space 11264K, 100% used [0x00000000d5580000,0x00000000d6080000,0x00000000d6080000)
  from space 512K, 84% used [0x00000000d6600000,0x00000000d666c010,0x00000000d6680000)
  to   space 512K, 0% used [0x00000000d6580000,0x00000000d6580000,0x00000000d6600000)
 ParOldGen       total 153600K, used 153356K [0x0000000080000000, 0x0000000089600000, 0x00000000d5580000)
  object space 153600K, 99% used [0x0000000080000000,0x00000000895c33a0,0x0000000089600000)
 Metaspace       used 76783K, committed 78464K, reserved 1179648K
  class space    used 8047K, committed 8768K, reserved 1048576K
}
Event: 59.401 GC heap after
{Heap after GC invocations=78 (full 3):
 PSYoungGen      total 11776K, used 496K [0x00000000d5580000, 0x00000000d6680000, 0x0000000100000000)
  eden space 11264K, 0% used [0x00000000d5580000,0x00000000d5580000,0x00000000d6080000)
  from space 512K, 96% used [0x00000000d6580000,0x00000000d65fc010,0x00000000d6600000)
  to   space 512K, 0% used [0x00000000d6600000,0x00000000d6600000,0x00000000d6680000)
 ParOldGen       total 153600K, used 153420K [0x0000000080000000, 0x0000000089600000, 0x00000000d5580000)
  object space 153600K, 99% used [0x0000000080000000,0x00000000895d33a0,0x0000000089600000)
 Metaspace       used 76783K, committed 78464K, reserved 1179648K
  class space    used 8047K, committed 8768K, reserved 1048576K
}
Event: 65.784 GC heap before
{Heap before GC invocations=79 (full 3):
 PSYoungGen      total 11776K, used 11760K [0x00000000d5580000, 0x00000000d6680000, 0x0000000100000000)
  eden space 11264K, 100% used [0x00000000d5580000,0x00000000d6080000,0x00000000d6080000)
  from space 512K, 96% used [0x00000000d6580000,0x00000000d65fc010,0x00000000d6600000)
  to   space 512K, 0% used [0x00000000d6600000,0x00000000d6600000,0x00000000d6680000)
 ParOldGen       total 153600K, used 153420K [0x0000000080000000, 0x0000000089600000, 0x00000000d5580000)
  object space 153600K, 99% used [0x0000000080000000,0x00000000895d33a0,0x0000000089600000)
 Metaspace       used 76830K, committed 78528K, reserved 1179648K
  class space    used 8048K, committed 8768K, reserved 1048576K
}
Event: 65.785 GC heap after
{Heap after GC invocations=79 (full 3):
 PSYoungGen      total 11776K, used 512K [0x00000000d5580000, 0x00000000d6680000, 0x0000000100000000)
  eden space 11264K, 0% used [0x00000000d5580000,0x00000000d5580000,0x00000000d6080000)
  from space 512K, 100% used [0x00000000d6600000,0x00000000d6680000,0x00000000d6680000)
  to   space 1024K, 0% used [0x00000000d6480000,0x00000000d6480000,0x00000000d6580000)
 ParOldGen       total 154112K, used 153708K [0x0000000080000000, 0x0000000089680000, 0x00000000d5580000)
  object space 154112K, 99% used [0x0000000080000000,0x000000008961b3b0,0x0000000089680000)
 Metaspace       used 76830K, committed 78528K, reserved 1179648K
  class space    used 8048K, committed 8768K, reserved 1048576K
}
Event: 68.806 GC heap before
{Heap before GC invocations=80 (full 3):
 PSYoungGen      total 11776K, used 11776K [0x00000000d5580000, 0x00000000d6680000, 0x0000000100000000)
  eden space 11264K, 100% used [0x00000000d5580000,0x00000000d6080000,0x00000000d6080000)
  from space 512K, 100% used [0x00000000d6600000,0x00000000d6680000,0x00000000d6680000)
  to   space 1024K, 0% used [0x00000000d6480000,0x00000000d6480000,0x00000000d6580000)
 ParOldGen       total 154112K, used 153708K [0x0000000080000000, 0x0000000089680000, 0x00000000d5580000)
  object space 154112K, 99% used [0x0000000080000000,0x000000008961b3b0,0x0000000089680000)
 Metaspace       used 76949K, committed 78592K, reserved 1179648K
  class space    used 8048K, committed 8768K, reserved 1048576K
}
Event: 68.807 GC heap after
{Heap after GC invocations=80 (full 3):
 PSYoungGen      total 12288K, used 672K [0x00000000d5580000, 0x00000000d6680000, 0x0000000100000000)
  eden space 11264K, 0% used [0x00000000d5580000,0x00000000d5580000,0x00000000d6080000)
  from space 1024K, 65% used [0x00000000d6480000,0x00000000d6528000,0x00000000d6580000)
  to   space 1024K, 0% used [0x00000000d6580000,0x00000000d6580000,0x00000000d6680000)
 ParOldGen       total 154624K, used 154267K [0x0000000080000000, 0x0000000089700000, 0x00000000d5580000)
  object space 154624K, 99% used [0x0000000080000000,0x00000000896a6df0,0x0000000089700000)
 Metaspace       used 76949K, committed 78592K, reserved 1179648K
  class space    used 8048K, committed 8768K, reserved 1048576K
}
Event: 70.507 GC heap before
{Heap before GC invocations=81 (full 3):
 PSYoungGen      total 12288K, used 11936K [0x00000000d5580000, 0x00000000d6680000, 0x0000000100000000)
  eden space 11264K, 100% used [0x00000000d5580000,0x00000000d6080000,0x00000000d6080000)
  from space 1024K, 65% used [0x00000000d6480000,0x00000000d6528000,0x00000000d6580000)
  to   space 1024K, 0% used [0x00000000d6580000,0x00000000d6580000,0x00000000d6680000)
 ParOldGen       total 154624K, used 154267K [0x0000000080000000, 0x0000000089700000, 0x00000000d5580000)
  object space 154624K, 99% used [0x0000000080000000,0x00000000896a6df0,0x0000000089700000)
 Metaspace       used 77041K, committed 78656K, reserved 1179648K
  class space    used 8056K, committed 8768K, reserved 1048576K
}
Event: 70.508 GC heap after
{Heap after GC invocations=81 (full 3):
 PSYoungGen      total 12288K, used 882K [0x00000000d5580000, 0x00000000d6680000, 0x0000000100000000)
  eden space 11264K, 0% used [0x00000000d5580000,0x00000000d5580000,0x00000000d6080000)
  from space 1024K, 86% used [0x00000000d6580000,0x00000000d665c9a0,0x00000000d6680000)
  to   space 1024K, 0% used [0x00000000d6480000,0x00000000d6480000,0x00000000d6580000)
 ParOldGen       total 155136K, used 154704K [0x0000000080000000, 0x0000000089780000, 0x00000000d5580000)
  object space 155136K, 99% used [0x0000000080000000,0x0000000089714280,0x0000000089780000)
 Metaspace       used 77041K, committed 78656K, reserved 1179648K
  class space    used 8056K, committed 8768K, reserved 1048576K
}
Event: 70.566 GC heap before
{Heap before GC invocations=82 (full 3):
 PSYoungGen      total 12288K, used 12146K [0x00000000d5580000, 0x00000000d6680000, 0x0000000100000000)
  eden space 11264K, 100% used [0x00000000d5580000,0x00000000d6080000,0x00000000d6080000)
  from space 1024K, 86% used [0x00000000d6580000,0x00000000d665c9a0,0x00000000d6680000)
  to   space 1024K, 0% used [0x00000000d6480000,0x00000000d6480000,0x00000000d6580000)
 ParOldGen       total 155136K, used 154704K [0x0000000080000000, 0x0000000089780000, 0x00000000d5580000)
  object space 155136K, 99% used [0x0000000080000000,0x0000000089714280,0x0000000089780000)
 Metaspace       used 77091K, committed 78720K, reserved 1179648K
  class space    used 8058K, committed 8768K, reserved 1048576K
}
Event: 70.567 GC heap after
{Heap after GC invocations=82 (full 3):
 PSYoungGen      total 12288K, used 992K [0x00000000d5580000, 0x00000000d6680000, 0x0000000100000000)
  eden space 11264K, 0% used [0x00000000d5580000,0x00000000d5580000,0x00000000d6080000)
  from space 1024K, 96% used [0x00000000d6480000,0x00000000d6578010,0x00000000d6580000)
  to   space 1024K, 0% used [0x00000000d6580000,0x00000000d6580000,0x00000000d6680000)
 ParOldGen       total 156672K, used 156317K [0x0000000080000000, 0x0000000089900000, 0x00000000d5580000)
  object space 156672K, 99% used [0x0000000080000000,0x00000000898a74b8,0x0000000089900000)
 Metaspace       used 77091K, committed 78720K, reserved 1179648K
  class space    used 8058K, committed 8768K, reserved 1048576K
}
Event: 71.122 GC heap before
{Heap before GC invocations=83 (full 3):
 PSYoungGen      total 12288K, used 12256K [0x00000000d5580000, 0x00000000d6680000, 0x0000000100000000)
  eden space 11264K, 100% used [0x00000000d5580000,0x00000000d6080000,0x00000000d6080000)
  from space 1024K, 96% used [0x00000000d6480000,0x00000000d6578010,0x00000000d6580000)
  to   space 1024K, 0% used [0x00000000d6580000,0x00000000d6580000,0x00000000d6680000)
 ParOldGen       total 156672K, used 156317K [0x0000000080000000, 0x0000000089900000, 0x00000000d5580000)
  object space 156672K, 99% used [0x0000000080000000,0x00000000898a74b8,0x0000000089900000)
 Metaspace       used 77184K, committed 78848K, reserved 1179648K
  class space    used 8058K, committed 8768K, reserved 1048576K
}
Event: 71.123 GC heap after
{Heap after GC invocations=83 (full 3):
 PSYoungGen      total 12288K, used 848K [0x00000000d5580000, 0x00000000d6680000, 0x0000000100000000)
  eden space 11264K, 0% used [0x00000000d5580000,0x00000000d5580000,0x00000000d6080000)
  from space 1024K, 82% used [0x00000000d6580000,0x00000000d6654010,0x00000000d6680000)
  to   space 1536K, 0% used [0x00000000d6380000,0x00000000d6380000,0x00000000d6500000)
 ParOldGen       total 157184K, used 157091K [0x0000000080000000, 0x0000000089980000, 0x00000000d5580000)
  object space 157184K, 99% used [0x0000000080000000,0x0000000089968ed0,0x0000000089980000)
 Metaspace       used 77184K, committed 78848K, reserved 1179648K
  class space    used 8058K, committed 8768K, reserved 1048576K
}
Event: 71.332 GC heap before
{Heap before GC invocations=84 (full 3):
 PSYoungGen      total 12288K, used 12112K [0x00000000d5580000, 0x00000000d6680000, 0x0000000100000000)
  eden space 11264K, 100% used [0x00000000d5580000,0x00000000d6080000,0x00000000d6080000)
  from space 1024K, 82% used [0x00000000d6580000,0x00000000d6654010,0x00000000d6680000)
  to   space 1536K, 0% used [0x00000000d6380000,0x00000000d6380000,0x00000000d6500000)
 ParOldGen       total 157184K, used 157091K [0x0000000080000000, 0x0000000089980000, 0x00000000d5580000)
  object space 157184K, 99% used [0x0000000080000000,0x0000000089968ed0,0x0000000089980000)
 Metaspace       used 77546K, committed 79232K, reserved 1179648K
  class space    used 8114K, committed 8832K, reserved 1048576K
}
Event: 71.334 GC heap after
{Heap after GC invocations=84 (full 3):
 PSYoungGen      total 12800K, used 1440K [0x00000000d5580000, 0x00000000d6600000, 0x0000000100000000)
  eden space 11264K, 0% used [0x00000000d5580000,0x00000000d5580000,0x00000000d6080000)
  from space 1536K, 93% used [0x00000000d6380000,0x00000000d64e8000,0x00000000d6500000)
  to   space 1024K, 0% used [0x00000000d6500000,0x00000000d6500000,0x00000000d6600000)
 ParOldGen       total 158208K, used 157794K [0x0000000080000000, 0x0000000089a80000, 0x00000000d5580000)
  object space 158208K, 99% used [0x0000000080000000,0x0000000089a18920,0x0000000089a80000)
 Metaspace       used 77546K, committed 79232K, reserved 1179648K
  class space    used 8114K, committed 8832K, reserved 1048576K
}
Event: 72.203 GC heap before
{Heap before GC invocations=85 (full 3):
 PSYoungGen      total 12800K, used 12704K [0x00000000d5580000, 0x00000000d6600000, 0x0000000100000000)
  eden space 11264K, 100% used [0x00000000d5580000,0x00000000d6080000,0x00000000d6080000)
  from space 1536K, 93% used [0x00000000d6380000,0x00000000d64e8000,0x00000000d6500000)
  to   space 1024K, 0% used [0x00000000d6500000,0x00000000d6500000,0x00000000d6600000)
 ParOldGen       total 158208K, used 157794K [0x0000000080000000, 0x0000000089a80000, 0x00000000d5580000)
  object space 158208K, 99% used [0x0000000080000000,0x0000000089a18920,0x0000000089a80000)
 Metaspace       used 77776K, committed 79488K, reserved 1179648K
  class space    used 8137K, committed 8896K, reserved 1048576K
}
Event: 72.205 GC heap after
{Heap after GC invocations=85 (full 3):
 PSYoungGen      total 12288K, used 1008K [0x00000000d5580000, 0x00000000d6600000, 0x0000000100000000)
  eden space 11264K, 0% used [0x00000000d5580000,0x00000000d5580000,0x00000000d6080000)
  from space 1024K, 98% used [0x00000000d6500000,0x00000000d65fc010,0x00000000d6600000)
  to   space 2048K, 0% used [0x00000000d6200000,0x00000000d6200000,0x00000000d6400000)
 ParOldGen       total 158720K, used 158681K [0x0000000080000000, 0x0000000089b00000, 0x00000000d5580000)
  object space 158720K, 99% used [0x0000000080000000,0x0000000089af6688,0x0000000089b00000)
 Metaspace       used 77776K, committed 79488K, reserved 1179648K
  class space    used 8137K, committed 8896K, reserved 1048576K
}

