# JRE version: OpenJDK Runtime Environment Temurin-21.0.8+9 (21.0.8+9) (build 21.0.8+9-LTS)
# Java VM: OpenJDK 64-Bit Server VM Temurin-21.0.8+9 (21.0.8+9-LTS, mixed mode, sharing, tiered, compressed oops, compressed class ptrs, parallel gc, windows-amd64)
GC Precious Log:
 CardTable entry size: 512
 CPUs: 16 total, 16 available
 Memory: 8010M
 Large Page Support: Disabled
 NUMA Support: Disabled
 Compressed Oops: Enabled (32-bit)
 Alignments: Space 512K, Generation 512K, Heap 2M
 Heap Min Capacity: 100M
 Heap Initial Capacity: 100M
 Heap Max Capacity: 2G
 Pre-touch: Disabled
 Parallel Workers: 13
Heap:
 PSYoungGen      total 23552K, used 8569K [0x00000000d5580000, 0x00000000d7200000, 0x0000000100000000)
  eden space 20992K, 29% used [0x00000000d5580000,0x00000000d5b9fc70,0x00000000d6a00000)
  from space 2560K, 89% used [0x00000000d6f80000,0x00000000d71bea90,0x00000000d7200000)
  to   space 2560K, 0% used [0x00000000d6d00000,0x00000000d6d00000,0x00000000d6f80000)
 ParOldGen       total 68608K, used 39106K [0x0000000080000000, 0x0000000084300000, 0x00000000d5580000)
  object space 68608K, 57% used [0x0000000080000000,0x0000000082630bb0,0x0000000084300000)
 Metaspace       used 61957K, committed 63424K, reserved 1114112K
  class space    used 6630K, committed 7296K, reserved 1048576K
GC Heap History (20 events):
Event: 6.333 GC heap before
{Heap before GC invocations=28 (full 2):
 PSYoungGen      total 23552K, used 23116K [0x00000000d5580000, 0x00000000d6f00000, 0x0000000100000000)
  eden space 20992K, 98% used [0x00000000d5580000,0x00000000d69ca270,0x00000000d6a00000)
  from space 2560K, 91% used [0x00000000d6a00000,0x00000000d6c49000,0x00000000d6c80000)
  to   space 2560K, 0% used [0x00000000d6c80000,0x00000000d6c80000,0x00000000d6f00000)
 ParOldGen       total 68608K, used 31418K [0x0000000080000000, 0x0000000084300000, 0x00000000d5580000)
  object space 68608K, 45% used [0x0000000080000000,0x0000000081eae828,0x0000000084300000)
 Metaspace       used 51443K, committed 52864K, reserved 1114112K
  class space    used 5633K, committed 6336K, reserved 1048576K
}
Event: 6.337 GC heap after
{Heap after GC invocations=28 (full 2):
 PSYoungGen      total 23552K, used 2240K [0x00000000d5580000, 0x00000000d6f00000, 0x0000000100000000)
  eden space 20992K, 0% used [0x00000000d5580000,0x00000000d5580000,0x00000000d6a00000)
  from space 2560K, 87% used [0x00000000d6c80000,0x00000000d6eb0000,0x00000000d6f00000)
  to   space 2560K, 0% used [0x00000000d6a00000,0x00000000d6a00000,0x00000000d6c80000)
 ParOldGen       total 68608K, used 33559K [0x0000000080000000, 0x0000000084300000, 0x00000000d5580000)
  object space 68608K, 48% used [0x0000000080000000,0x00000000820c5e50,0x0000000084300000)
 Metaspace       used 51443K, committed 52864K, reserved 1114112K
  class space    used 5633K, committed 6336K, reserved 1048576K
}
Event: 6.413 GC heap before
{Heap before GC invocations=29 (full 2):
 PSYoungGen      total 23552K, used 23232K [0x00000000d5580000, 0x00000000d6f00000, 0x0000000100000000)
  eden space 20992K, 100% used [0x00000000d5580000,0x00000000d6a00000,0x00000000d6a00000)
  from space 2560K, 87% used [0x00000000d6c80000,0x00000000d6eb0000,0x00000000d6f00000)
  to   space 2560K, 0% used [0x00000000d6a00000,0x00000000d6a00000,0x00000000d6c80000)
 ParOldGen       total 68608K, used 33559K [0x0000000080000000, 0x0000000084300000, 0x00000000d5580000)
  object space 68608K, 48% used [0x0000000080000000,0x00000000820c5e50,0x0000000084300000)
 Metaspace       used 51473K, committed 52928K, reserved 1114112K
  class space    used 5633K, committed 6336K, reserved 1048576K
}
Event: 6.417 GC heap after
{Heap after GC invocations=29 (full 2):
 PSYoungGen      total 23552K, used 2456K [0x00000000d5580000, 0x00000000d6f00000, 0x0000000100000000)
  eden space 20992K, 0% used [0x00000000d5580000,0x00000000d5580000,0x00000000d6a00000)
  from space 2560K, 95% used [0x00000000d6a00000,0x00000000d6c66210,0x00000000d6c80000)
  to   space 2560K, 0% used [0x00000000d6c80000,0x00000000d6c80000,0x00000000d6f00000)
 ParOldGen       total 68608K, used 35623K [0x0000000080000000, 0x0000000084300000, 0x00000000d5580000)
  object space 68608K, 51% used [0x0000000080000000,0x00000000822c9e50,0x0000000084300000)
 Metaspace       used 51473K, committed 52928K, reserved 1114112K
  class space    used 5633K, committed 6336K, reserved 1048576K
}
Event: 6.555 GC heap before
{Heap before GC invocations=30 (full 2):
 PSYoungGen      total 23552K, used 23448K [0x00000000d5580000, 0x00000000d6f00000, 0x0000000100000000)
  eden space 20992K, 100% used [0x00000000d5580000,0x00000000d6a00000,0x00000000d6a00000)
  from space 2560K, 95% used [0x00000000d6a00000,0x00000000d6c66210,0x00000000d6c80000)
  to   space 2560K, 0% used [0x00000000d6c80000,0x00000000d6c80000,0x00000000d6f00000)
 ParOldGen       total 68608K, used 35623K [0x0000000080000000, 0x0000000084300000, 0x00000000d5580000)
  object space 68608K, 51% used [0x0000000080000000,0x00000000822c9e50,0x0000000084300000)
 Metaspace       used 52206K, committed 53632K, reserved 1114112K
  class space    used 5714K, committed 6400K, reserved 1048576K
}
Event: 6.558 GC heap after
{Heap after GC invocations=30 (full 2):
 PSYoungGen      total 23552K, used 1912K [0x00000000d5580000, 0x00000000d6f00000, 0x0000000100000000)
  eden space 20992K, 0% used [0x00000000d5580000,0x00000000d5580000,0x00000000d6a00000)
  from space 2560K, 74% used [0x00000000d6c80000,0x00000000d6e5e0f0,0x00000000d6f00000)
  to   space 2560K, 0% used [0x00000000d6a00000,0x00000000d6a00000,0x00000000d6c80000)
 ParOldGen       total 68608K, used 37864K [0x0000000080000000, 0x0000000084300000, 0x00000000d5580000)
  object space 68608K, 55% used [0x0000000080000000,0x00000000824fa060,0x0000000084300000)
 Metaspace       used 52206K, committed 53632K, reserved 1114112K
  class space    used 5714K, committed 6400K, reserved 1048576K
}
Event: 6.630 GC heap before
{Heap before GC invocations=31 (full 2):
 PSYoungGen      total 23552K, used 22904K [0x00000000d5580000, 0x00000000d6f00000, 0x0000000100000000)
  eden space 20992K, 100% used [0x00000000d5580000,0x00000000d6a00000,0x00000000d6a00000)
  from space 2560K, 74% used [0x00000000d6c80000,0x00000000d6e5e0f0,0x00000000d6f00000)
  to   space 2560K, 0% used [0x00000000d6a00000,0x00000000d6a00000,0x00000000d6c80000)
 ParOldGen       total 68608K, used 37864K [0x0000000080000000, 0x0000000084300000, 0x00000000d5580000)
  object space 68608K, 55% used [0x0000000080000000,0x00000000824fa060,0x0000000084300000)
 Metaspace       used 52218K, committed 53696K, reserved 1114112K
  class space    used 5714K, committed 6400K, reserved 1048576K
}
Event: 6.631 GC heap after
{Heap after GC invocations=31 (full 2):
 PSYoungGen      total 22016K, used 969K [0x00000000d5580000, 0x00000000d6d00000, 0x0000000100000000)
  eden space 20992K, 0% used [0x00000000d5580000,0x00000000d5580000,0x00000000d6a00000)
  from space 1024K, 94% used [0x00000000d6a00000,0x00000000d6af27e8,0x00000000d6b00000)
  to   space 1536K, 0% used [0x00000000d6b80000,0x00000000d6b80000,0x00000000d6d00000)
 ParOldGen       total 68608K, used 39014K [0x0000000080000000, 0x0000000084300000, 0x00000000d5580000)
  object space 68608K, 56% used [0x0000000080000000,0x00000000826198c8,0x0000000084300000)
 Metaspace       used 52218K, committed 53696K, reserved 1114112K
  class space    used 5714K, committed 6400K, reserved 1048576K
}
Event: 6.969 GC heap before
{Heap before GC invocations=32 (full 2):
 PSYoungGen      total 22016K, used 21961K [0x00000000d5580000, 0x00000000d6d00000, 0x0000000100000000)
  eden space 20992K, 100% used [0x00000000d5580000,0x00000000d6a00000,0x00000000d6a00000)
  from space 1024K, 94% used [0x00000000d6a00000,0x00000000d6af27e8,0x00000000d6b00000)
  to   space 1536K, 0% used [0x00000000d6b80000,0x00000000d6b80000,0x00000000d6d00000)
 ParOldGen       total 68608K, used 39014K [0x0000000080000000, 0x0000000084300000, 0x00000000d5580000)
  object space 68608K, 56% used [0x0000000080000000,0x00000000826198c8,0x0000000084300000)
 Metaspace       used 55022K, committed 56448K, reserved 1114112K
  class space    used 5928K, committed 6592K, reserved 1048576K
}
Event: 6.971 GC heap after
{Heap after GC invocations=32 (full 2):
 PSYoungGen      total 22016K, used 685K [0x00000000d5580000, 0x00000000d6c80000, 0x0000000100000000)
  eden space 20992K, 0% used [0x00000000d5580000,0x00000000d5580000,0x00000000d6a00000)
  from space 1024K, 66% used [0x00000000d6b80000,0x00000000d6c2b460,0x00000000d6c80000)
  to   space 1024K, 0% used [0x00000000d6a00000,0x00000000d6a00000,0x00000000d6b00000)
 ParOldGen       total 68608K, used 39038K [0x0000000080000000, 0x0000000084300000, 0x00000000d5580000)
  object space 68608K, 56% used [0x0000000080000000,0x000000008261f8c8,0x0000000084300000)
 Metaspace       used 55022K, committed 56448K, reserved 1114112K
  class space    used 5928K, committed 6592K, reserved 1048576K
}
Event: 7.211 GC heap before
{Heap before GC invocations=33 (full 2):
 PSYoungGen      total 22016K, used 21654K [0x00000000d5580000, 0x00000000d6c80000, 0x0000000100000000)
  eden space 20992K, 99% used [0x00000000d5580000,0x00000000d69fa448,0x00000000d6a00000)
  from space 1024K, 66% used [0x00000000d6b80000,0x00000000d6c2b460,0x00000000d6c80000)
  to   space 1024K, 0% used [0x00000000d6a00000,0x00000000d6a00000,0x00000000d6b00000)
 ParOldGen       total 68608K, used 39073K [0x0000000080000000, 0x0000000084300000, 0x00000000d5580000)
  object space 68608K, 56% used [0x0000000080000000,0x0000000082628650,0x0000000084300000)
 Metaspace       used 56505K, committed 57920K, reserved 1114112K
  class space    used 6084K, committed 6720K, reserved 1048576K
}
Event: 7.215 GC heap after
{Heap after GC invocations=33 (full 2):
 PSYoungGen      total 22016K, used 1010K [0x00000000d5580000, 0x00000000d7900000, 0x0000000100000000)
  eden space 20992K, 0% used [0x00000000d5580000,0x00000000d5580000,0x00000000d6a00000)
  from space 1024K, 98% used [0x00000000d6a00000,0x00000000d6afca48,0x00000000d6b00000)
  to   space 7680K, 0% used [0x00000000d7180000,0x00000000d7180000,0x00000000d7900000)
 ParOldGen       total 68608K, used 44426K [0x0000000080000000, 0x0000000084300000, 0x00000000d5580000)
  object space 68608K, 64% used [0x0000000080000000,0x0000000082b62810,0x0000000084300000)
 Metaspace       used 56505K, committed 57920K, reserved 1114112K
  class space    used 6084K, committed 6720K, reserved 1048576K
}
Event: 7.471 GC heap before
{Heap before GC invocations=34 (full 2):
 PSYoungGen      total 22016K, used 21136K [0x00000000d5580000, 0x00000000d7900000, 0x0000000100000000)
  eden space 20992K, 95% used [0x00000000d5580000,0x00000000d69279a0,0x00000000d6a00000)
  from space 1024K, 98% used [0x00000000d6a00000,0x00000000d6afca48,0x00000000d6b00000)
  to   space 7680K, 0% used [0x00000000d7180000,0x00000000d7180000,0x00000000d7900000)
 ParOldGen       total 68608K, used 44426K [0x0000000080000000, 0x0000000084300000, 0x00000000d5580000)
  object space 68608K, 64% used [0x0000000080000000,0x0000000082b62810,0x0000000084300000)
 Metaspace       used 58343K, committed 59776K, reserved 1114112K
  class space    used 6265K, committed 6912K, reserved 1048576K
}
Event: 7.475 GC heap after
{Heap after GC invocations=34 (full 2):
 PSYoungGen      total 25088K, used 4064K [0x00000000d5580000, 0x00000000d7580000, 0x0000000100000000)
  eden space 20992K, 0% used [0x00000000d5580000,0x00000000d5580000,0x00000000d6a00000)
  from space 4096K, 99% used [0x00000000d7180000,0x00000000d75782c0,0x00000000d7580000)
  to   space 5120K, 0% used [0x00000000d6b80000,0x00000000d6b80000,0x00000000d7080000)
 ParOldGen       total 68608K, used 45011K [0x0000000080000000, 0x0000000084300000, 0x00000000d5580000)
  object space 68608K, 65% used [0x0000000080000000,0x0000000082bf4c80,0x0000000084300000)
 Metaspace       used 58343K, committed 59776K, reserved 1114112K
  class space    used 6265K, committed 6912K, reserved 1048576K
}
Event: 7.475 GC heap before
{Heap before GC invocations=35 (full 3):
 PSYoungGen      total 25088K, used 4064K [0x00000000d5580000, 0x00000000d7580000, 0x0000000100000000)
  eden space 20992K, 0% used [0x00000000d5580000,0x00000000d5580000,0x00000000d6a00000)
  from space 4096K, 99% used [0x00000000d7180000,0x00000000d75782c0,0x00000000d7580000)
  to   space 5120K, 0% used [0x00000000d6b80000,0x00000000d6b80000,0x00000000d7080000)
 ParOldGen       total 68608K, used 45011K [0x0000000080000000, 0x0000000084300000, 0x00000000d5580000)
  object space 68608K, 65% used [0x0000000080000000,0x0000000082bf4c80,0x0000000084300000)
 Metaspace       used 58343K, committed 59776K, reserved 1114112K
  class space    used 6265K, committed 6912K, reserved 1048576K
}
Event: 7.522 GC heap after
{Heap after GC invocations=35 (full 3):
 PSYoungGen      total 25088K, used 0K [0x00000000d5580000, 0x00000000d7580000, 0x0000000100000000)
  eden space 20992K, 0% used [0x00000000d5580000,0x00000000d5580000,0x00000000d6a00000)
  from space 4096K, 0% used [0x00000000d7180000,0x00000000d7180000,0x00000000d7580000)
  to   space 5120K, 0% used [0x00000000d6b80000,0x00000000d6b80000,0x00000000d7080000)
 ParOldGen       total 68608K, used 37943K [0x0000000080000000, 0x0000000084300000, 0x00000000d5580000)
  object space 68608K, 55% used [0x0000000080000000,0x000000008250dc50,0x0000000084300000)
 Metaspace       used 58343K, committed 59776K, reserved 1114112K
  class space    used 6265K, committed 6912K, reserved 1048576K
}
Event: 7.728 GC heap before
{Heap before GC invocations=36 (full 3):
 PSYoungGen      total 25088K, used 20992K [0x00000000d5580000, 0x00000000d7580000, 0x0000000100000000)
  eden space 20992K, 100% used [0x00000000d5580000,0x00000000d6a00000,0x00000000d6a00000)
  from space 4096K, 0% used [0x00000000d7180000,0x00000000d7180000,0x00000000d7580000)
  to   space 5120K, 0% used [0x00000000d6b80000,0x00000000d6b80000,0x00000000d7080000)
 ParOldGen       total 68608K, used 37951K [0x0000000080000000, 0x0000000084300000, 0x00000000d5580000)
  object space 68608K, 55% used [0x0000000080000000,0x000000008250fe68,0x0000000084300000)
 Metaspace       used 60038K, committed 61504K, reserved 1114112K
  class space    used 6431K, committed 7104K, reserved 1048576K
}
Event: 7.730 GC heap after
{Heap after GC invocations=36 (full 3):
 PSYoungGen      total 22528K, used 1423K [0x00000000d5580000, 0x00000000d7200000, 0x0000000100000000)
  eden space 20992K, 0% used [0x00000000d5580000,0x00000000d5580000,0x00000000d6a00000)
  from space 1536K, 92% used [0x00000000d6b80000,0x00000000d6ce3e70,0x00000000d6d00000)
  to   space 2560K, 0% used [0x00000000d6f80000,0x00000000d6f80000,0x00000000d7200000)
 ParOldGen       total 68608K, used 37959K [0x0000000080000000, 0x0000000084300000, 0x00000000d5580000)
  object space 68608K, 55% used [0x0000000080000000,0x0000000082511e68,0x0000000084300000)
 Metaspace       used 60038K, committed 61504K, reserved 1114112K
  class space    used 6431K, committed 7104K, reserved 1048576K
}
Event: 7.988 GC heap before
{Heap before GC invocations=37 (full 3):
 PSYoungGen      total 22528K, used 22415K [0x00000000d5580000, 0x00000000d7200000, 0x0000000100000000)
  eden space 20992K, 100% used [0x00000000d5580000,0x00000000d6a00000,0x00000000d6a00000)
  from space 1536K, 92% used [0x00000000d6b80000,0x00000000d6ce3e70,0x00000000d6d00000)
  to   space 2560K, 0% used [0x00000000d6f80000,0x00000000d6f80000,0x00000000d7200000)
 ParOldGen       total 68608K, used 37959K [0x0000000080000000, 0x0000000084300000, 0x00000000d5580000)
  object space 68608K, 55% used [0x0000000080000000,0x0000000082511e68,0x0000000084300000)
 Metaspace       used 61289K, committed 62784K, reserved 1114112K
  class space    used 6552K, committed 7232K, reserved 1048576K
}
Event: 7.991 GC heap after
{Heap after GC invocations=37 (full 3):
 PSYoungGen      total 23552K, used 2298K [0x00000000d5580000, 0x00000000d7200000, 0x0000000100000000)
  eden space 20992K, 0% used [0x00000000d5580000,0x00000000d5580000,0x00000000d6a00000)
  from space 2560K, 89% used [0x00000000d6f80000,0x00000000d71bea90,0x00000000d7200000)
  to   space 2560K, 0% used [0x00000000d6d00000,0x00000000d6d00000,0x00000000d6f80000)
 ParOldGen       total 68608K, used 39106K [0x0000000080000000, 0x0000000084300000, 0x00000000d5580000)
  object space 68608K, 57% used [0x0000000080000000,0x0000000082630bb0,0x0000000084300000)
 Metaspace       used 61289K, committed 62784K, reserved 1114112K
  class space    used 6552K, committed 7232K, reserved 1048576K
}

