# JRE version: OpenJDK Runtime Environment Temurin-21.0.8+9 (21.0.8+9) (build 21.0.8+9-LTS)
# Java VM: OpenJDK 64-Bit Server VM Temurin-21.0.8+9 (21.0.8+9-LTS, mixed mode, sharing, tiered, compressed oops, compressed class ptrs, parallel gc, windows-amd64)
GC Precious Log:
 CardTable entry size: 512
 CPUs: 16 total, 16 available
 Memory: 8010M
 Large Page Support: Disabled
 NUMA Support: Disabled
 Compressed Oops: Enabled (32-bit)
 Alignments: Space 512K, Generation 512K, Heap 2M
 Heap Min Capacity: 100M
 Heap Initial Capacity: 100M
 Heap Max Capacity: 2G
 Pre-touch: Disabled
 Parallel Workers: 13
Heap:
 PSYoungGen      total 20480K, used 9991K [0x00000000d5580000, 0x00000000d6e00000, 0x0000000100000000)
  eden space 18944K, 44% used [0x00000000d5580000,0x00000000d5dc8f50,0x00000000d6800000)
  from space 1536K, 98% used [0x00000000d6b00000,0x00000000d6c78df0,0x00000000d6c80000)
  to   space 1536K, 0% used [0x00000000d6c80000,0x00000000d6c80000,0x00000000d6e00000)
 ParOldGen       total 68608K, used 39062K [0x0000000080000000, 0x0000000084300000, 0x00000000d5580000)
  object space 68608K, 56% used [0x0000000080000000,0x00000000826258a8,0x0000000084300000)
 Metaspace       used 61765K, committed 63296K, reserved 1114112K
  class space    used 6622K, committed 7296K, reserved 1048576K
GC Heap History (20 events):
Event: 5.897 GC heap before
{Heap before GC invocations=29 (full 2):
 PSYoungGen      total 20992K, used 20960K [0x00000000d5580000, 0x00000000d7400000, 0x0000000100000000)
  eden space 18944K, 100% used [0x00000000d5580000,0x00000000d6800000,0x00000000d6800000)
  from space 2048K, 98% used [0x00000000d6d00000,0x00000000d6ef8010,0x00000000d6f00000)
  to   space 5120K, 0% used [0x00000000d6800000,0x00000000d6800000,0x00000000d6d00000)
 ParOldGen       total 68608K, used 34033K [0x0000000080000000, 0x0000000084300000, 0x00000000d5580000)
  object space 68608K, 49% used [0x0000000080000000,0x000000008213c578,0x0000000084300000)
 Metaspace       used 51444K, committed 52864K, reserved 1114112K
  class space    used 5636K, committed 6272K, reserved 1048576K
}
Event: 5.899 GC heap after
{Heap after GC invocations=29 (full 2):
 PSYoungGen      total 20992K, used 1976K [0x00000000d5580000, 0x00000000d6e00000, 0x0000000100000000)
  eden space 18944K, 0% used [0x00000000d5580000,0x00000000d5580000,0x00000000d6800000)
  from space 2048K, 96% used [0x00000000d6800000,0x00000000d69ee200,0x00000000d6a00000)
  to   space 3072K, 0% used [0x00000000d6b00000,0x00000000d6b00000,0x00000000d6e00000)
 ParOldGen       total 68608K, used 36089K [0x0000000080000000, 0x0000000084300000, 0x00000000d5580000)
  object space 68608K, 52% used [0x0000000080000000,0x000000008233e588,0x0000000084300000)
 Metaspace       used 51444K, committed 52864K, reserved 1114112K
  class space    used 5636K, committed 6272K, reserved 1048576K
}
Event: 6.048 GC heap before
{Heap before GC invocations=30 (full 2):
 PSYoungGen      total 20992K, used 20920K [0x00000000d5580000, 0x00000000d6e00000, 0x0000000100000000)
  eden space 18944K, 100% used [0x00000000d5580000,0x00000000d6800000,0x00000000d6800000)
  from space 2048K, 96% used [0x00000000d6800000,0x00000000d69ee200,0x00000000d6a00000)
  to   space 3072K, 0% used [0x00000000d6b00000,0x00000000d6b00000,0x00000000d6e00000)
 ParOldGen       total 68608K, used 36089K [0x0000000080000000, 0x0000000084300000, 0x00000000d5580000)
  object space 68608K, 52% used [0x0000000080000000,0x000000008233e588,0x0000000084300000)
 Metaspace       used 52180K, committed 53632K, reserved 1114112K
  class space    used 5716K, committed 6336K, reserved 1048576K
}
Event: 6.050 GC heap after
{Heap after GC invocations=30 (full 2):
 PSYoungGen      total 21504K, used 2199K [0x00000000d5580000, 0x00000000d6d80000, 0x0000000100000000)
  eden space 18944K, 0% used [0x00000000d5580000,0x00000000d5580000,0x00000000d6800000)
  from space 2560K, 85% used [0x00000000d6b00000,0x00000000d6d25eb8,0x00000000d6d80000)
  to   space 2560K, 0% used [0x00000000d6880000,0x00000000d6880000,0x00000000d6b00000)
 ParOldGen       total 68608K, used 37913K [0x0000000080000000, 0x0000000084300000, 0x00000000d5580000)
  object space 68608K, 55% used [0x0000000080000000,0x0000000082506788,0x0000000084300000)
 Metaspace       used 52180K, committed 53632K, reserved 1114112K
  class space    used 5716K, committed 6336K, reserved 1048576K
}
Event: 6.102 GC heap before
{Heap before GC invocations=31 (full 2):
 PSYoungGen      total 21504K, used 21143K [0x00000000d5580000, 0x00000000d6d80000, 0x0000000100000000)
  eden space 18944K, 100% used [0x00000000d5580000,0x00000000d6800000,0x00000000d6800000)
  from space 2560K, 85% used [0x00000000d6b00000,0x00000000d6d25eb8,0x00000000d6d80000)
  to   space 2560K, 0% used [0x00000000d6880000,0x00000000d6880000,0x00000000d6b00000)
 ParOldGen       total 68608K, used 37913K [0x0000000080000000, 0x0000000084300000, 0x00000000d5580000)
  object space 68608K, 55% used [0x0000000080000000,0x0000000082506788,0x0000000084300000)
 Metaspace       used 52192K, committed 53632K, reserved 1114112K
  class space    used 5716K, committed 6336K, reserved 1048576K
}
Event: 6.104 GC heap after
{Heap after GC invocations=31 (full 2):
 PSYoungGen      total 20480K, used 1131K [0x00000000d5580000, 0x00000000d6b80000, 0x0000000100000000)
  eden space 18944K, 0% used [0x00000000d5580000,0x00000000d5580000,0x00000000d6800000)
  from space 1536K, 73% used [0x00000000d6880000,0x00000000d699ae28,0x00000000d6a00000)
  to   space 1536K, 0% used [0x00000000d6a00000,0x00000000d6a00000,0x00000000d6b80000)
 ParOldGen       total 68608K, used 39115K [0x0000000080000000, 0x0000000084300000, 0x00000000d5580000)
  object space 68608K, 57% used [0x0000000080000000,0x0000000082632c98,0x0000000084300000)
 Metaspace       used 52192K, committed 53632K, reserved 1114112K
  class space    used 5716K, committed 6336K, reserved 1048576K
}
Event: 6.303 GC heap before
{Heap before GC invocations=32 (full 2):
 PSYoungGen      total 20480K, used 20075K [0x00000000d5580000, 0x00000000d6b80000, 0x0000000100000000)
  eden space 18944K, 100% used [0x00000000d5580000,0x00000000d6800000,0x00000000d6800000)
  from space 1536K, 73% used [0x00000000d6880000,0x00000000d699ae28,0x00000000d6a00000)
  to   space 1536K, 0% used [0x00000000d6a00000,0x00000000d6a00000,0x00000000d6b80000)
 ParOldGen       total 68608K, used 39115K [0x0000000080000000, 0x0000000084300000, 0x00000000d5580000)
  object space 68608K, 57% used [0x0000000080000000,0x0000000082632c98,0x0000000084300000)
 Metaspace       used 53722K, committed 55168K, reserved 1114112K
  class space    used 5852K, committed 6464K, reserved 1048576K
}
Event: 6.304 GC heap after
{Heap after GC invocations=32 (full 2):
 PSYoungGen      total 19456K, used 493K [0x00000000d5580000, 0x00000000d6a80000, 0x0000000100000000)
  eden space 18944K, 0% used [0x00000000d5580000,0x00000000d5580000,0x00000000d6800000)
  from space 512K, 96% used [0x00000000d6a00000,0x00000000d6a7b438,0x00000000d6a80000)
  to   space 1024K, 0% used [0x00000000d6880000,0x00000000d6880000,0x00000000d6980000)
 ParOldGen       total 68608K, used 39147K [0x0000000080000000, 0x0000000084300000, 0x00000000d5580000)
  object space 68608K, 57% used [0x0000000080000000,0x000000008263ac98,0x0000000084300000)
 Metaspace       used 53722K, committed 55168K, reserved 1114112K
  class space    used 5852K, committed 6464K, reserved 1048576K
}
Event: 6.689 GC heap before
{Heap before GC invocations=33 (full 2):
 PSYoungGen      total 19456K, used 19437K [0x00000000d5580000, 0x00000000d6a80000, 0x0000000100000000)
  eden space 18944K, 100% used [0x00000000d5580000,0x00000000d6800000,0x00000000d6800000)
  from space 512K, 96% used [0x00000000d6a00000,0x00000000d6a7b438,0x00000000d6a80000)
  to   space 1024K, 0% used [0x00000000d6880000,0x00000000d6880000,0x00000000d6980000)
 ParOldGen       total 68608K, used 39147K [0x0000000080000000, 0x0000000084300000, 0x00000000d5580000)
  object space 68608K, 57% used [0x0000000080000000,0x000000008263ac98,0x0000000084300000)
 Metaspace       used 55656K, committed 57152K, reserved 1114112K
  class space    used 6001K, committed 6656K, reserved 1048576K
}
Event: 6.692 GC heap after
{Heap after GC invocations=33 (full 2):
 PSYoungGen      total 19968K, used 1003K [0x00000000d5580000, 0x00000000d7500000, 0x0000000100000000)
  eden space 18944K, 0% used [0x00000000d5580000,0x00000000d5580000,0x00000000d6800000)
  from space 1024K, 98% used [0x00000000d6880000,0x00000000d697aea0,0x00000000d6980000)
  to   space 6656K, 0% used [0x00000000d6e80000,0x00000000d6e80000,0x00000000d7500000)
 ParOldGen       total 68608K, used 43542K [0x0000000080000000, 0x0000000084300000, 0x00000000d5580000)
  object space 68608K, 63% used [0x0000000080000000,0x0000000082a85b38,0x0000000084300000)
 Metaspace       used 55656K, committed 57152K, reserved 1114112K
  class space    used 6001K, committed 6656K, reserved 1048576K
}
Event: 6.849 GC heap before
{Heap before GC invocations=34 (full 2):
 PSYoungGen      total 19968K, used 19945K [0x00000000d5580000, 0x00000000d7500000, 0x0000000100000000)
  eden space 18944K, 99% used [0x00000000d5580000,0x00000000d67ff8c8,0x00000000d6800000)
  from space 1024K, 98% used [0x00000000d6880000,0x00000000d697aea0,0x00000000d6980000)
  to   space 6656K, 0% used [0x00000000d6e80000,0x00000000d6e80000,0x00000000d7500000)
 ParOldGen       total 68608K, used 43542K [0x0000000080000000, 0x0000000084300000, 0x00000000d5580000)
  object space 68608K, 63% used [0x0000000080000000,0x0000000082a85b38,0x0000000084300000)
 Metaspace       used 57101K, committed 58560K, reserved 1114112K
  class space    used 6132K, committed 6784K, reserved 1048576K
}
Event: 6.853 GC heap after
{Heap after GC invocations=34 (full 2):
 PSYoungGen      total 24064K, used 5081K [0x00000000d5580000, 0x00000000d7380000, 0x0000000100000000)
  eden space 18944K, 0% used [0x00000000d5580000,0x00000000d5580000,0x00000000d6800000)
  from space 5120K, 99% used [0x00000000d6e80000,0x00000000d7376750,0x00000000d7380000)
  to   space 5632K, 0% used [0x00000000d6880000,0x00000000d6880000,0x00000000d6e00000)
 ParOldGen       total 68608K, used 44155K [0x0000000080000000, 0x0000000084300000, 0x00000000d5580000)
  object space 68608K, 64% used [0x0000000080000000,0x0000000082b1ed08,0x0000000084300000)
 Metaspace       used 57101K, committed 58560K, reserved 1114112K
  class space    used 6132K, committed 6784K, reserved 1048576K
}
Event: 7.119 GC heap before
{Heap before GC invocations=35 (full 2):
 PSYoungGen      total 24064K, used 15848K [0x00000000d5580000, 0x00000000d7380000, 0x0000000100000000)
  eden space 18944K, 56% used [0x00000000d5580000,0x00000000d6003c10,0x00000000d6800000)
  from space 5120K, 99% used [0x00000000d6e80000,0x00000000d7376750,0x00000000d7380000)
  to   space 5632K, 0% used [0x00000000d6880000,0x00000000d6880000,0x00000000d6e00000)
 ParOldGen       total 68608K, used 44155K [0x0000000080000000, 0x0000000084300000, 0x00000000d5580000)
  object space 68608K, 64% used [0x0000000080000000,0x0000000082b1ed08,0x0000000084300000)
 Metaspace       used 58309K, committed 59776K, reserved 1114112K
  class space    used 6257K, committed 6848K, reserved 1048576K
}
Event: 7.123 GC heap after
{Heap after GC invocations=35 (full 2):
 PSYoungGen      total 19968K, used 800K [0x00000000d5580000, 0x00000000d6f00000, 0x0000000100000000)
  eden space 18944K, 0% used [0x00000000d5580000,0x00000000d5580000,0x00000000d6800000)
  from space 1024K, 78% used [0x00000000d6880000,0x00000000d6948000,0x00000000d6980000)
  to   space 2560K, 0% used [0x00000000d6c80000,0x00000000d6c80000,0x00000000d6f00000)
 ParOldGen       total 68608K, used 49005K [0x0000000080000000, 0x0000000084300000, 0x00000000d5580000)
  object space 68608K, 71% used [0x0000000080000000,0x0000000082fdb458,0x0000000084300000)
 Metaspace       used 58309K, committed 59776K, reserved 1114112K
  class space    used 6257K, committed 6848K, reserved 1048576K
}
Event: 7.123 GC heap before
{Heap before GC invocations=36 (full 3):
 PSYoungGen      total 19968K, used 800K [0x00000000d5580000, 0x00000000d6f00000, 0x0000000100000000)
  eden space 18944K, 0% used [0x00000000d5580000,0x00000000d5580000,0x00000000d6800000)
  from space 1024K, 78% used [0x00000000d6880000,0x00000000d6948000,0x00000000d6980000)
  to   space 2560K, 0% used [0x00000000d6c80000,0x00000000d6c80000,0x00000000d6f00000)
 ParOldGen       total 68608K, used 49005K [0x0000000080000000, 0x0000000084300000, 0x00000000d5580000)
  object space 68608K, 71% used [0x0000000080000000,0x0000000082fdb458,0x0000000084300000)
 Metaspace       used 58309K, committed 59776K, reserved 1114112K
  class space    used 6257K, committed 6848K, reserved 1048576K
}
Event: 7.183 GC heap after
{Heap after GC invocations=36 (full 3):
 PSYoungGen      total 19968K, used 0K [0x00000000d5580000, 0x00000000d6f00000, 0x0000000100000000)
  eden space 18944K, 0% used [0x00000000d5580000,0x00000000d5580000,0x00000000d6800000)
  from space 1024K, 0% used [0x00000000d6880000,0x00000000d6880000,0x00000000d6980000)
  to   space 2560K, 0% used [0x00000000d6c80000,0x00000000d6c80000,0x00000000d6f00000)
 ParOldGen       total 68608K, used 38015K [0x0000000080000000, 0x0000000084300000, 0x00000000d5580000)
  object space 68608K, 55% used [0x0000000080000000,0x000000008251fcf0,0x0000000084300000)
 Metaspace       used 58309K, committed 59776K, reserved 1114112K
  class space    used 6257K, committed 6848K, reserved 1048576K
}
Event: 7.359 GC heap before
{Heap before GC invocations=37 (full 3):
 PSYoungGen      total 19968K, used 18944K [0x00000000d5580000, 0x00000000d6f00000, 0x0000000100000000)
  eden space 18944K, 100% used [0x00000000d5580000,0x00000000d6800000,0x00000000d6800000)
  from space 1024K, 0% used [0x00000000d6880000,0x00000000d6880000,0x00000000d6980000)
  to   space 2560K, 0% used [0x00000000d6c80000,0x00000000d6c80000,0x00000000d6f00000)
 ParOldGen       total 68608K, used 38015K [0x0000000080000000, 0x0000000084300000, 0x00000000d5580000)
  object space 68608K, 55% used [0x0000000080000000,0x000000008251fcf0,0x0000000084300000)
 Metaspace       used 59755K, committed 61248K, reserved 1114112K
  class space    used 6398K, committed 7040K, reserved 1048576K
}
Event: 7.362 GC heap after
{Heap after GC invocations=37 (full 3):
 PSYoungGen      total 20480K, used 1295K [0x00000000d5580000, 0x00000000d6e00000, 0x0000000100000000)
  eden space 18944K, 0% used [0x00000000d5580000,0x00000000d5580000,0x00000000d6800000)
  from space 1536K, 84% used [0x00000000d6c80000,0x00000000d6dc3e50,0x00000000d6e00000)
  to   space 1536K, 0% used [0x00000000d6b00000,0x00000000d6b00000,0x00000000d6c80000)
 ParOldGen       total 68608K, used 38023K [0x0000000080000000, 0x0000000084300000, 0x00000000d5580000)
  object space 68608K, 55% used [0x0000000080000000,0x0000000082521cf0,0x0000000084300000)
 Metaspace       used 59755K, committed 61248K, reserved 1114112K
  class space    used 6398K, committed 7040K, reserved 1048576K
}
Event: 7.587 GC heap before
{Heap before GC invocations=38 (full 3):
 PSYoungGen      total 20480K, used 20239K [0x00000000d5580000, 0x00000000d6e00000, 0x0000000100000000)
  eden space 18944K, 100% used [0x00000000d5580000,0x00000000d6800000,0x00000000d6800000)
  from space 1536K, 84% used [0x00000000d6c80000,0x00000000d6dc3e50,0x00000000d6e00000)
  to   space 1536K, 0% used [0x00000000d6b00000,0x00000000d6b00000,0x00000000d6c80000)
 ParOldGen       total 68608K, used 38023K [0x0000000080000000, 0x0000000084300000, 0x00000000d5580000)
  object space 68608K, 55% used [0x0000000080000000,0x0000000082521cf0,0x0000000084300000)
 Metaspace       used 60821K, committed 62272K, reserved 1114112K
  class space    used 6512K, committed 7168K, reserved 1048576K
}
Event: 7.590 GC heap after
{Heap after GC invocations=38 (full 3):
 PSYoungGen      total 20480K, used 1507K [0x00000000d5580000, 0x00000000d6e00000, 0x0000000100000000)
  eden space 18944K, 0% used [0x00000000d5580000,0x00000000d5580000,0x00000000d6800000)
  from space 1536K, 98% used [0x00000000d6b00000,0x00000000d6c78df0,0x00000000d6c80000)
  to   space 1536K, 0% used [0x00000000d6c80000,0x00000000d6c80000,0x00000000d6e00000)
 ParOldGen       total 68608K, used 39062K [0x0000000080000000, 0x0000000084300000, 0x00000000d5580000)
  object space 68608K, 56% used [0x0000000080000000,0x00000000826258a8,0x0000000084300000)
 Metaspace       used 60821K, committed 62272K, reserved 1114112K
  class space    used 6512K, committed 7168K, reserved 1048576K
}

